{"/mnt/c/InfinityWorks/Academy/Connect4-Test/server/main.js": {"path":"/mnt/c/InfinityWorks/Academy/Connect4-Test/server/main.js","statementMap":{"0":{"start":{"line":2,"column":11},"end":{"line":2,"column":33}},"1":{"start":{"line":3,"column":13},"end":{"line":3,"column":28}},"2":{"start":{"line":7,"column":2},"end":{"line":11,"column":3}},"3":{"start":{"line":7,"column":17},"end":{"line":7,"column":38}},"4":{"start":{"line":8,"column":4},"end":{"line":10,"column":5}},"5":{"start":{"line":9,"column":6},"end":{"line":9,"column":17}},"6":{"start":{"line":13,"column":2},"end":{"line":13,"column":14}},"7":{"start":{"line":18,"column":18},"end":{"line":18,"column":45}},"8":{"start":{"line":19,"column":18},"end":{"line":19,"column":45}},"9":{"start":{"line":22,"column":15},"end":{"line":22,"column":37}},"10":{"start":{"line":23,"column":15},"end":{"line":23,"column":37}},"11":{"start":{"line":26,"column":2},"end":{"line":28,"column":3}},"12":{"start":{"line":27,"column":4},"end":{"line":27,"column":25}},"13":{"start":{"line":31,"column":2},"end":{"line":36,"column":3}},"14":{"start":{"line":32,"column":4},"end":{"line":34,"column":5}},"15":{"start":{"line":33,"column":6},"end":{"line":33,"column":39}},"16":{"start":{"line":35,"column":4},"end":{"line":35,"column":75}},"17":{"start":{"line":39,"column":2},"end":{"line":39,"column":23}},"18":{"start":{"line":44,"column":24},"end":{"line":44,"column":26}},"19":{"start":{"line":47,"column":2},"end":{"line":60,"column":3}},"20":{"start":{"line":47,"column":15},"end":{"line":47,"column":16}},"21":{"start":{"line":49,"column":27},"end":{"line":50,"column":53}},"22":{"start":{"line":52,"column":4},"end":{"line":59,"column":5}},"23":{"start":{"line":53,"column":6},"end":{"line":55,"column":9}},"24":{"start":{"line":54,"column":8},"end":{"line":54,"column":36}},"25":{"start":{"line":56,"column":6},"end":{"line":58,"column":7}},"26":{"start":{"line":57,"column":8},"end":{"line":57,"column":35}},"27":{"start":{"line":61,"column":2},"end":{"line":61,"column":23}},"28":{"start":{"line":65,"column":2},"end":{"line":67,"column":3}},"29":{"start":{"line":66,"column":4},"end":{"line":66,"column":46}},"30":{"start":{"line":68,"column":2},"end":{"line":68,"column":44}},"31":{"start":{"line":72,"column":2},"end":{"line":72,"column":50}},"32":{"start":{"line":77,"column":21},"end":{"line":77,"column":23}},"33":{"start":{"line":78,"column":2},"end":{"line":84,"column":3}},"34":{"start":{"line":78,"column":15},"end":{"line":78,"column":16}},"35":{"start":{"line":80,"column":4},"end":{"line":80,"column":24}},"36":{"start":{"line":81,"column":4},"end":{"line":83,"column":5}},"37":{"start":{"line":81,"column":17},"end":{"line":81,"column":18}},"38":{"start":{"line":82,"column":6},"end":{"line":82,"column":31}},"39":{"start":{"line":85,"column":2},"end":{"line":85,"column":20}},"40":{"start":{"line":89,"column":19},"end":{"line":89,"column":86}},"41":{"start":{"line":90,"column":16},"end":{"line":90,"column":69}},"42":{"start":{"line":91,"column":16},"end":{"line":91,"column":69}},"43":{"start":{"line":92,"column":2},"end":{"line":92,"column":23}},"44":{"start":{"line":96,"column":17},"end":{"line":96,"column":33}},"45":{"start":{"line":97,"column":17},"end":{"line":97,"column":54}},"46":{"start":{"line":98,"column":2},"end":{"line":98,"column":35}},"47":{"start":{"line":102,"column":17},"end":{"line":102,"column":31}},"48":{"start":{"line":103,"column":16},"end":{"line":103,"column":51}},"49":{"start":{"line":104,"column":2},"end":{"line":104,"column":34}},"50":{"start":{"line":108,"column":2},"end":{"line":113,"column":3}},"51":{"start":{"line":109,"column":4},"end":{"line":109,"column":37}},"52":{"start":{"line":110,"column":4},"end":{"line":110,"column":90}},"53":{"start":{"line":112,"column":4},"end":{"line":112,"column":21}},"54":{"start":{"line":117,"column":2},"end":{"line":137,"column":3}},"55":{"start":{"line":118,"column":18},"end":{"line":132,"column":5}},"56":{"start":{"line":133,"column":4},"end":{"line":133,"column":36}},"57":{"start":{"line":134,"column":4},"end":{"line":134,"column":82}},"58":{"start":{"line":136,"column":4},"end":{"line":136,"column":21}},"59":{"start":{"line":141,"column":16},"end":{"line":141,"column":89}},"60":{"start":{"line":142,"column":2},"end":{"line":142,"column":15}},"61":{"start":{"line":146,"column":15},"end":{"line":146,"column":88}},"62":{"start":{"line":147,"column":2},"end":{"line":147,"column":14}},"63":{"start":{"line":151,"column":2},"end":{"line":156,"column":3}},"64":{"start":{"line":152,"column":4},"end":{"line":152,"column":36}},"65":{"start":{"line":153,"column":4},"end":{"line":153,"column":91}},"66":{"start":{"line":155,"column":4},"end":{"line":155,"column":21}},"67":{"start":{"line":160,"column":2},"end":{"line":173,"column":3}},"68":{"start":{"line":161,"column":4},"end":{"line":161,"column":38}},"69":{"start":{"line":162,"column":19},"end":{"line":162,"column":28}},"70":{"start":{"line":163,"column":21},"end":{"line":168,"column":5}},"71":{"start":{"line":169,"column":4},"end":{"line":169,"column":85}},"72":{"start":{"line":170,"column":4},"end":{"line":170,"column":18}},"73":{"start":{"line":172,"column":4},"end":{"line":172,"column":15}},"74":{"start":{"line":176,"column":0},"end":{"line":194,"column":1}},"75":{"start":{"line":177,"column":2},"end":{"line":193,"column":4}}},"fnMap":{"0":{"name":"columnEmptySpace","decl":{"start":{"line":5,"column":9},"end":{"line":5,"column":25}},"loc":{"start":{"line":5,"column":46},"end":{"line":14,"column":1}},"line":5},"1":{"name":"checkAdjacent","decl":{"start":{"line":16,"column":9},"end":{"line":16,"column":22}},"loc":{"start":{"line":16,"column":67},"end":{"line":40,"column":1}},"line":16},"2":{"name":"checkWinner","decl":{"start":{"line":42,"column":9},"end":{"line":42,"column":20}},"loc":{"start":{"line":42,"column":53},"end":{"line":62,"column":1}},"line":42},"3":{"name":"(anonymous_3)","decl":{"start":{"line":53,"column":29},"end":{"line":53,"column":30}},"loc":{"start":{"line":53,"column":42},"end":{"line":55,"column":7}},"line":53},"4":{"name":"updateScore","decl":{"start":{"line":64,"column":9},"end":{"line":64,"column":20}},"loc":{"start":{"line":64,"column":41},"end":{"line":69,"column":1}},"line":64},"5":{"name":"switchPlayer","decl":{"start":{"line":71,"column":9},"end":{"line":71,"column":21}},"loc":{"start":{"line":71,"column":30},"end":{"line":73,"column":1}},"line":71},"6":{"name":"createEmptyBoardState","decl":{"start":{"line":75,"column":9},"end":{"line":75,"column":30}},"loc":{"start":{"line":75,"column":46},"end":{"line":86,"column":1}},"line":75},"7":{"name":"randomName","decl":{"start":{"line":88,"column":15},"end":{"line":88,"column":25}},"loc":{"start":{"line":88,"column":28},"end":{"line":93,"column":1}},"line":88},"8":{"name":"searchStates","decl":{"start":{"line":95,"column":15},"end":{"line":95,"column":27}},"loc":{"start":{"line":95,"column":36},"end":{"line":99,"column":1}},"line":95},"9":{"name":"searchUsers","decl":{"start":{"line":101,"column":15},"end":{"line":101,"column":26}},"loc":{"start":{"line":101,"column":33},"end":{"line":105,"column":1}},"line":101},"10":{"name":"saveState","decl":{"start":{"line":107,"column":15},"end":{"line":107,"column":24}},"loc":{"start":{"line":107,"column":48},"end":{"line":114,"column":1}},"line":107},"11":{"name":"newState","decl":{"start":{"line":116,"column":15},"end":{"line":116,"column":23}},"loc":{"start":{"line":116,"column":32},"end":{"line":138,"column":1}},"line":116},"12":{"name":"loadState","decl":{"start":{"line":140,"column":15},"end":{"line":140,"column":24}},"loc":{"start":{"line":140,"column":33},"end":{"line":143,"column":1}},"line":140},"13":{"name":"loadUser","decl":{"start":{"line":145,"column":15},"end":{"line":145,"column":23}},"loc":{"start":{"line":145,"column":34},"end":{"line":148,"column":1}},"line":145},"14":{"name":"resetSaveState","decl":{"start":{"line":150,"column":15},"end":{"line":150,"column":29}},"loc":{"start":{"line":150,"column":54},"end":{"line":157,"column":1}},"line":150},"15":{"name":"createUser","decl":{"start":{"line":159,"column":15},"end":{"line":159,"column":25}},"loc":{"start":{"line":159,"column":46},"end":{"line":174,"column":1}},"line":159}},"branchMap":{"0":{"loc":{"start":{"line":8,"column":4},"end":{"line":10,"column":5}},"type":"if","locations":[{"start":{"line":8,"column":4},"end":{"line":10,"column":5}},{"start":{"line":8,"column":4},"end":{"line":10,"column":5}}],"line":8},"1":{"loc":{"start":{"line":26,"column":2},"end":{"line":28,"column":3}},"type":"if","locations":[{"start":{"line":26,"column":2},"end":{"line":28,"column":3}},{"start":{"line":26,"column":2},"end":{"line":28,"column":3}}],"line":26},"2":{"loc":{"start":{"line":26,"column":6},"end":{"line":26,"column":87}},"type":"binary-expr","locations":[{"start":{"line":26,"column":6},"end":{"line":26,"column":31}},{"start":{"line":26,"column":35},"end":{"line":26,"column":43}},{"start":{"line":26,"column":47},"end":{"line":26,"column":75}},{"start":{"line":26,"column":79},"end":{"line":26,"column":87}}],"line":26},"3":{"loc":{"start":{"line":31,"column":2},"end":{"line":36,"column":3}},"type":"if","locations":[{"start":{"line":31,"column":2},"end":{"line":36,"column":3}},{"start":{"line":31,"column":2},"end":{"line":36,"column":3}}],"line":31},"4":{"loc":{"start":{"line":31,"column":6},"end":{"line":31,"column":84}},"type":"binary-expr","locations":[{"start":{"line":31,"column":6},"end":{"line":31,"column":49}},{"start":{"line":31,"column":53},"end":{"line":31,"column":84}}],"line":31},"5":{"loc":{"start":{"line":32,"column":4},"end":{"line":34,"column":5}},"type":"if","locations":[{"start":{"line":32,"column":4},"end":{"line":34,"column":5}},{"start":{"line":32,"column":4},"end":{"line":34,"column":5}}],"line":32},"6":{"loc":{"start":{"line":52,"column":4},"end":{"line":59,"column":5}},"type":"if","locations":[{"start":{"line":52,"column":4},"end":{"line":59,"column":5}},{"start":{"line":52,"column":4},"end":{"line":59,"column":5}}],"line":52},"7":{"loc":{"start":{"line":56,"column":6},"end":{"line":58,"column":7}},"type":"if","locations":[{"start":{"line":56,"column":6},"end":{"line":58,"column":7}},{"start":{"line":56,"column":6},"end":{"line":58,"column":7}}],"line":56},"8":{"loc":{"start":{"line":65,"column":2},"end":{"line":67,"column":3}},"type":"if","locations":[{"start":{"line":65,"column":2},"end":{"line":67,"column":3}},{"start":{"line":65,"column":2},"end":{"line":67,"column":3}}],"line":65},"9":{"loc":{"start":{"line":72,"column":10},"end":{"line":72,"column":48}},"type":"cond-expr","locations":[{"start":{"line":72,"column":32},"end":{"line":72,"column":37}},{"start":{"line":72,"column":40},"end":{"line":72,"column":48}}],"line":72},"10":{"loc":{"start":{"line":176,"column":0},"end":{"line":194,"column":1}},"type":"if","locations":[{"start":{"line":176,"column":0},"end":{"line":194,"column":1}},{"start":{"line":176,"column":0},"end":{"line":194,"column":1}}],"line":176}},"s":{"0":1,"1":1,"2":3,"3":3,"4":9,"5":2,"6":1,"7":60,"8":60,"9":60,"10":60,"11":60,"12":13,"13":47,"14":20,"15":20,"16":20,"17":27,"18":5,"19":5,"20":5,"21":20,"22":20,"23":4,"24":12,"25":4,"26":4,"27":5,"28":2,"29":1,"30":1,"31":2,"32":3,"33":3,"34":3,"35":7,"36":7,"37":7,"38":42,"39":3,"40":1,"41":1,"42":1,"43":1,"44":2,"45":2,"46":2,"47":2,"48":2,"49":2,"50":1,"51":1,"52":1,"53":1,"54":0,"55":0,"56":0,"57":0,"58":0,"59":1,"60":1,"61":0,"62":0,"63":0,"64":0,"65":0,"66":0,"67":0,"68":0,"69":0,"70":0,"71":0,"72":0,"73":0,"74":1,"75":1},"f":{"0":3,"1":60,"2":5,"3":12,"4":2,"5":2,"6":3,"7":1,"8":2,"9":2,"10":1,"11":0,"12":1,"13":0,"14":0,"15":0},"b":{"0":[2,7],"1":[13,47],"2":[60,49,49,49],"3":[20,27],"4":[47,20],"5":[20,0],"6":[4,16],"7":[4,0],"8":[1,1],"9":[1,1],"10":[1,0]},"_coverageSchema":"1a1c01bbd47fc00a2c39e90264f33305004495a9","hash":"75044f22463d8957d746a923d6324ef4702a103e"}
}
