{"/mnt/c/InfinityWorks/Academy/Connect4-Test/server/AI.js": {"path":"/mnt/c/InfinityWorks/Academy/Connect4-Test/server/AI.js","statementMap":{"0":{"start":{"line":5,"column":4},"end":{"line":5,"column":24}},"1":{"start":{"line":8,"column":2},"end":{"line":16,"column":3}},"2":{"start":{"line":8,"column":15},"end":{"line":8,"column":16}},"3":{"start":{"line":9,"column":14},"end":{"line":9,"column":16}},"4":{"start":{"line":10,"column":4},"end":{"line":12,"column":5}},"5":{"start":{"line":10,"column":17},"end":{"line":10,"column":18}},"6":{"start":{"line":11,"column":6},"end":{"line":11,"column":30}},"7":{"start":{"line":13,"column":4},"end":{"line":15,"column":5}},"8":{"start":{"line":14,"column":6},"end":{"line":14,"column":19}},"9":{"start":{"line":17,"column":2},"end":{"line":17,"column":11}},"10":{"start":{"line":21,"column":2},"end":{"line":29,"column":3}},"11":{"start":{"line":21,"column":15},"end":{"line":21,"column":16}},"12":{"start":{"line":22,"column":14},"end":{"line":22,"column":16}},"13":{"start":{"line":23,"column":4},"end":{"line":25,"column":5}},"14":{"start":{"line":23,"column":17},"end":{"line":23,"column":18}},"15":{"start":{"line":24,"column":6},"end":{"line":24,"column":30}},"16":{"start":{"line":26,"column":4},"end":{"line":28,"column":5}},"17":{"start":{"line":27,"column":6},"end":{"line":27,"column":19}},"18":{"start":{"line":30,"column":2},"end":{"line":30,"column":11}},"19":{"start":{"line":34,"column":2},"end":{"line":46,"column":3}},"20":{"start":{"line":34,"column":15},"end":{"line":34,"column":16}},"21":{"start":{"line":35,"column":15},"end":{"line":35,"column":17}},"22":{"start":{"line":36,"column":12},"end":{"line":36,"column":13}},"23":{"start":{"line":37,"column":12},"end":{"line":37,"column":13}},"24":{"start":{"line":38,"column":4},"end":{"line":42,"column":5}},"25":{"start":{"line":38,"column":17},"end":{"line":38,"column":18}},"26":{"start":{"line":39,"column":6},"end":{"line":39,"column":31}},"27":{"start":{"line":40,"column":6},"end":{"line":40,"column":13}},"28":{"start":{"line":41,"column":6},"end":{"line":41,"column":13}},"29":{"start":{"line":43,"column":4},"end":{"line":45,"column":5}},"30":{"start":{"line":44,"column":6},"end":{"line":44,"column":19}},"31":{"start":{"line":47,"column":2},"end":{"line":59,"column":3}},"32":{"start":{"line":47,"column":15},"end":{"line":47,"column":16}},"33":{"start":{"line":48,"column":15},"end":{"line":48,"column":17}},"34":{"start":{"line":49,"column":12},"end":{"line":49,"column":13}},"35":{"start":{"line":50,"column":12},"end":{"line":50,"column":13}},"36":{"start":{"line":51,"column":4},"end":{"line":55,"column":5}},"37":{"start":{"line":51,"column":17},"end":{"line":51,"column":18}},"38":{"start":{"line":52,"column":6},"end":{"line":52,"column":31}},"39":{"start":{"line":53,"column":6},"end":{"line":53,"column":13}},"40":{"start":{"line":54,"column":6},"end":{"line":54,"column":13}},"41":{"start":{"line":56,"column":4},"end":{"line":58,"column":5}},"42":{"start":{"line":57,"column":6},"end":{"line":57,"column":19}},"43":{"start":{"line":60,"column":2},"end":{"line":60,"column":11}},"44":{"start":{"line":64,"column":2},"end":{"line":76,"column":3}},"45":{"start":{"line":64,"column":15},"end":{"line":64,"column":16}},"46":{"start":{"line":65,"column":15},"end":{"line":65,"column":17}},"47":{"start":{"line":66,"column":12},"end":{"line":66,"column":13}},"48":{"start":{"line":67,"column":12},"end":{"line":67,"column":13}},"49":{"start":{"line":68,"column":4},"end":{"line":72,"column":5}},"50":{"start":{"line":68,"column":17},"end":{"line":68,"column":18}},"51":{"start":{"line":69,"column":6},"end":{"line":69,"column":31}},"52":{"start":{"line":70,"column":6},"end":{"line":70,"column":13}},"53":{"start":{"line":71,"column":6},"end":{"line":71,"column":13}},"54":{"start":{"line":73,"column":4},"end":{"line":75,"column":5}},"55":{"start":{"line":74,"column":6},"end":{"line":74,"column":19}},"56":{"start":{"line":77,"column":2},"end":{"line":89,"column":3}},"57":{"start":{"line":77,"column":15},"end":{"line":77,"column":16}},"58":{"start":{"line":78,"column":15},"end":{"line":78,"column":17}},"59":{"start":{"line":79,"column":12},"end":{"line":79,"column":13}},"60":{"start":{"line":80,"column":12},"end":{"line":80,"column":36}},"61":{"start":{"line":81,"column":4},"end":{"line":85,"column":5}},"62":{"start":{"line":81,"column":17},"end":{"line":81,"column":18}},"63":{"start":{"line":82,"column":6},"end":{"line":82,"column":31}},"64":{"start":{"line":83,"column":6},"end":{"line":83,"column":13}},"65":{"start":{"line":84,"column":6},"end":{"line":84,"column":13}},"66":{"start":{"line":86,"column":4},"end":{"line":88,"column":5}},"67":{"start":{"line":87,"column":6},"end":{"line":87,"column":19}},"68":{"start":{"line":90,"column":2},"end":{"line":90,"column":11}},"69":{"start":{"line":94,"column":17},"end":{"line":94,"column":18}},"70":{"start":{"line":95,"column":2},"end":{"line":95,"column":51}},"71":{"start":{"line":96,"column":2},"end":{"line":96,"column":51}},"72":{"start":{"line":97,"column":2},"end":{"line":97,"column":58}},"73":{"start":{"line":98,"column":2},"end":{"line":98,"column":55}},"74":{"start":{"line":99,"column":2},"end":{"line":99,"column":18}},"75":{"start":{"line":103,"column":18},"end":{"line":103,"column":20}},"76":{"start":{"line":104,"column":15},"end":{"line":104,"column":17}},"77":{"start":{"line":105,"column":2},"end":{"line":108,"column":3}},"78":{"start":{"line":105,"column":15},"end":{"line":105,"column":16}},"79":{"start":{"line":106,"column":4},"end":{"line":106,"column":26}},"80":{"start":{"line":107,"column":4},"end":{"line":107,"column":20}},"81":{"start":{"line":109,"column":2},"end":{"line":109,"column":29}},"82":{"start":{"line":113,"column":24},"end":{"line":113,"column":26}},"83":{"start":{"line":114,"column":21},"end":{"line":114,"column":23}},"84":{"start":{"line":115,"column":2},"end":{"line":129,"column":3}},"85":{"start":{"line":115,"column":15},"end":{"line":115,"column":16}},"86":{"start":{"line":116,"column":20},"end":{"line":116,"column":22}},"87":{"start":{"line":117,"column":17},"end":{"line":117,"column":19}},"88":{"start":{"line":118,"column":4},"end":{"line":126,"column":5}},"89":{"start":{"line":118,"column":17},"end":{"line":118,"column":18}},"90":{"start":{"line":119,"column":6},"end":{"line":125,"column":7}},"91":{"start":{"line":120,"column":8},"end":{"line":120,"column":28}},"92":{"start":{"line":121,"column":8},"end":{"line":121,"column":25}},"93":{"start":{"line":123,"column":8},"end":{"line":123,"column":30}},"94":{"start":{"line":124,"column":8},"end":{"line":124,"column":24}},"95":{"start":{"line":127,"column":4},"end":{"line":127,"column":34}},"96":{"start":{"line":128,"column":4},"end":{"line":128,"column":28}},"97":{"start":{"line":130,"column":2},"end":{"line":130,"column":37}},"98":{"start":{"line":134,"column":30},"end":{"line":134,"column":58}},"99":{"start":{"line":135,"column":2},"end":{"line":136,"column":66}},"100":{"start":{"line":140,"column":21},"end":{"line":140,"column":66}},"101":{"start":{"line":141,"column":2},"end":{"line":143,"column":3}},"102":{"start":{"line":142,"column":4},"end":{"line":142,"column":24}},"103":{"start":{"line":144,"column":18},"end":{"line":144,"column":46}},"104":{"start":{"line":145,"column":2},"end":{"line":147,"column":5}},"105":{"start":{"line":146,"column":4},"end":{"line":146,"column":65}},"106":{"start":{"line":148,"column":2},"end":{"line":150,"column":5}},"107":{"start":{"line":149,"column":4},"end":{"line":149,"column":66}},"108":{"start":{"line":151,"column":2},"end":{"line":151,"column":22}},"109":{"start":{"line":155,"column":16},"end":{"line":155,"column":18}},"110":{"start":{"line":156,"column":2},"end":{"line":161,"column":3}},"111":{"start":{"line":156,"column":15},"end":{"line":156,"column":16}},"112":{"start":{"line":157,"column":14},"end":{"line":157,"column":45}},"113":{"start":{"line":158,"column":4},"end":{"line":160,"column":5}},"114":{"start":{"line":159,"column":6},"end":{"line":159,"column":25}},"115":{"start":{"line":162,"column":2},"end":{"line":162,"column":15}},"116":{"start":{"line":166,"column":19},"end":{"line":166,"column":21}},"117":{"start":{"line":167,"column":15},"end":{"line":167,"column":17}},"118":{"start":{"line":168,"column":2},"end":{"line":172,"column":3}},"119":{"start":{"line":169,"column":4},"end":{"line":169,"column":22}},"120":{"start":{"line":171,"column":4},"end":{"line":171,"column":19}},"121":{"start":{"line":173,"column":16},"end":{"line":173,"column":37}},"122":{"start":{"line":174,"column":2},"end":{"line":178,"column":3}},"123":{"start":{"line":174,"column":15},"end":{"line":174,"column":16}},"124":{"start":{"line":175,"column":23},"end":{"line":175,"column":61}},"125":{"start":{"line":176,"column":4},"end":{"line":176,"column":50}},"126":{"start":{"line":177,"column":4},"end":{"line":177,"column":30}},"127":{"start":{"line":179,"column":2},"end":{"line":179,"column":18}},"128":{"start":{"line":183,"column":19},"end":{"line":183,"column":66}},"129":{"start":{"line":184,"column":2},"end":{"line":189,"column":3}},"130":{"start":{"line":185,"column":4},"end":{"line":187,"column":5}},"131":{"start":{"line":186,"column":6},"end":{"line":186,"column":66}},"132":{"start":{"line":188,"column":4},"end":{"line":188,"column":64}},"133":{"start":{"line":191,"column":2},"end":{"line":203,"column":3}},"134":{"start":{"line":192,"column":18},"end":{"line":192,"column":27}},"135":{"start":{"line":193,"column":21},"end":{"line":193,"column":55}},"136":{"start":{"line":194,"column":4},"end":{"line":201,"column":5}},"137":{"start":{"line":194,"column":17},"end":{"line":194,"column":18}},"138":{"start":{"line":195,"column":24},"end":{"line":195,"column":91}},"139":{"start":{"line":196,"column":6},"end":{"line":196,"column":45}},"140":{"start":{"line":197,"column":6},"end":{"line":197,"column":41}},"141":{"start":{"line":198,"column":6},"end":{"line":200,"column":7}},"142":{"start":{"line":199,"column":8},"end":{"line":199,"column":14}},"143":{"start":{"line":202,"column":4},"end":{"line":202,"column":19}},"144":{"start":{"line":204,"column":16},"end":{"line":204,"column":24}},"145":{"start":{"line":205,"column":19},"end":{"line":205,"column":54}},"146":{"start":{"line":206,"column":2},"end":{"line":213,"column":3}},"147":{"start":{"line":206,"column":15},"end":{"line":206,"column":16}},"148":{"start":{"line":207,"column":22},"end":{"line":207,"column":88}},"149":{"start":{"line":208,"column":4},"end":{"line":208,"column":43}},"150":{"start":{"line":209,"column":4},"end":{"line":209,"column":37}},"151":{"start":{"line":210,"column":4},"end":{"line":212,"column":5}},"152":{"start":{"line":211,"column":6},"end":{"line":211,"column":12}},"153":{"start":{"line":214,"column":2},"end":{"line":214,"column":17}},"154":{"start":{"line":218,"column":2},"end":{"line":222,"column":3}},"155":{"start":{"line":219,"column":16},"end":{"line":219,"column":52}},"156":{"start":{"line":220,"column":16},"end":{"line":220,"column":49}},"157":{"start":{"line":221,"column":4},"end":{"line":221,"column":22}},"158":{"start":{"line":223,"column":16},"end":{"line":223,"column":37}},"159":{"start":{"line":224,"column":19},"end":{"line":224,"column":65}},"160":{"start":{"line":225,"column":17},"end":{"line":225,"column":19}},"161":{"start":{"line":226,"column":16},"end":{"line":226,"column":25}},"162":{"start":{"line":227,"column":15},"end":{"line":227,"column":23}},"163":{"start":{"line":228,"column":2},"end":{"line":230,"column":3}},"164":{"start":{"line":228,"column":15},"end":{"line":228,"column":16}},"165":{"start":{"line":229,"column":4},"end":{"line":229,"column":93}},"166":{"start":{"line":231,"column":17},"end":{"line":231,"column":18}},"167":{"start":{"line":232,"column":2},"end":{"line":236,"column":3}},"168":{"start":{"line":233,"column":4},"end":{"line":233,"column":55}},"169":{"start":{"line":233,"column":39},"end":{"line":233,"column":53}},"170":{"start":{"line":235,"column":4},"end":{"line":235,"column":55}},"171":{"start":{"line":235,"column":39},"end":{"line":235,"column":53}},"172":{"start":{"line":237,"column":2},"end":{"line":237,"column":41}},"173":{"start":{"line":240,"column":14},"end":{"line":245,"column":43}},"174":{"start":{"line":247,"column":15},"end":{"line":247,"column":29}},"175":{"start":{"line":249,"column":14},"end":{"line":249,"column":16}},"176":{"start":{"line":251,"column":15},"end":{"line":251,"column":53}},"177":{"start":{"line":253,"column":0},"end":{"line":253,"column":20}},"178":{"start":{"line":255,"column":0},"end":{"line":271,"column":1}},"179":{"start":{"line":256,"column":2},"end":{"line":270,"column":4}}},"fnMap":{"0":{"name":"checkRows","decl":{"start":{"line":7,"column":9},"end":{"line":7,"column":18}},"loc":{"start":{"line":7,"column":46},"end":{"line":18,"column":1}},"line":7},"1":{"name":"checkCols","decl":{"start":{"line":20,"column":9},"end":{"line":20,"column":18}},"loc":{"start":{"line":20,"column":46},"end":{"line":31,"column":1}},"line":20},"2":{"name":"checkLeadingDiag","decl":{"start":{"line":33,"column":9},"end":{"line":33,"column":25}},"loc":{"start":{"line":33,"column":53},"end":{"line":61,"column":1}},"line":33},"3":{"name":"checkAntiDiag","decl":{"start":{"line":63,"column":9},"end":{"line":63,"column":22}},"loc":{"start":{"line":63,"column":50},"end":{"line":91,"column":1}},"line":63},"4":{"name":"checkStateForString","decl":{"start":{"line":93,"column":9},"end":{"line":93,"column":28}},"loc":{"start":{"line":93,"column":56},"end":{"line":100,"column":1}},"line":93},"5":{"name":"winningStrings","decl":{"start":{"line":102,"column":9},"end":{"line":102,"column":23}},"loc":{"start":{"line":102,"column":38},"end":{"line":110,"column":1}},"line":102},"6":{"name":"ofByOneStrings","decl":{"start":{"line":112,"column":9},"end":{"line":112,"column":23}},"loc":{"start":{"line":112,"column":38},"end":{"line":131,"column":1}},"line":112},"7":{"name":"checkStateForWinner","decl":{"start":{"line":133,"column":9},"end":{"line":133,"column":28}},"loc":{"start":{"line":133,"column":55},"end":{"line":137,"column":1}},"line":133},"8":{"name":"staticEvaluation","decl":{"start":{"line":139,"column":9},"end":{"line":139,"column":25}},"loc":{"start":{"line":139,"column":52},"end":{"line":152,"column":1}},"line":139},"9":{"name":"(anonymous_9)","decl":{"start":{"line":145,"column":21},"end":{"line":145,"column":22}},"loc":{"start":{"line":145,"column":34},"end":{"line":147,"column":3}},"line":145},"10":{"name":"(anonymous_10)","decl":{"start":{"line":148,"column":21},"end":{"line":148,"column":22}},"loc":{"start":{"line":148,"column":34},"end":{"line":150,"column":3}},"line":148},"11":{"name":"findMoves","decl":{"start":{"line":154,"column":9},"end":{"line":154,"column":18}},"loc":{"start":{"line":154,"column":31},"end":{"line":163,"column":1}},"line":154},"12":{"name":"generateChildren","decl":{"start":{"line":165,"column":9},"end":{"line":165,"column":25}},"loc":{"start":{"line":165,"column":56},"end":{"line":180,"column":1}},"line":165},"13":{"name":"minimax","decl":{"start":{"line":182,"column":9},"end":{"line":182,"column":16}},"loc":{"start":{"line":182,"column":83},"end":{"line":215,"column":1}},"line":182},"14":{"name":"minimaxNextMove","decl":{"start":{"line":217,"column":9},"end":{"line":217,"column":24}},"loc":{"start":{"line":217,"column":84},"end":{"line":238,"column":1}},"line":217},"15":{"name":"(anonymous_15)","decl":{"start":{"line":233,"column":29},"end":{"line":233,"column":30}},"loc":{"start":{"line":233,"column":39},"end":{"line":233,"column":53}},"line":233},"16":{"name":"(anonymous_16)","decl":{"start":{"line":235,"column":29},"end":{"line":235,"column":30}},"loc":{"start":{"line":235,"column":39},"end":{"line":235,"column":53}},"line":235}},"branchMap":{"0":{"loc":{"start":{"line":13,"column":4},"end":{"line":15,"column":5}},"type":"if","locations":[{"start":{"line":13,"column":4},"end":{"line":15,"column":5}},{"start":{"line":13,"column":4},"end":{"line":15,"column":5}}],"line":13},"1":{"loc":{"start":{"line":26,"column":4},"end":{"line":28,"column":5}},"type":"if","locations":[{"start":{"line":26,"column":4},"end":{"line":28,"column":5}},{"start":{"line":26,"column":4},"end":{"line":28,"column":5}}],"line":26},"2":{"loc":{"start":{"line":43,"column":4},"end":{"line":45,"column":5}},"type":"if","locations":[{"start":{"line":43,"column":4},"end":{"line":45,"column":5}},{"start":{"line":43,"column":4},"end":{"line":45,"column":5}}],"line":43},"3":{"loc":{"start":{"line":56,"column":4},"end":{"line":58,"column":5}},"type":"if","locations":[{"start":{"line":56,"column":4},"end":{"line":58,"column":5}},{"start":{"line":56,"column":4},"end":{"line":58,"column":5}}],"line":56},"4":{"loc":{"start":{"line":73,"column":4},"end":{"line":75,"column":5}},"type":"if","locations":[{"start":{"line":73,"column":4},"end":{"line":75,"column":5}},{"start":{"line":73,"column":4},"end":{"line":75,"column":5}}],"line":73},"5":{"loc":{"start":{"line":86,"column":4},"end":{"line":88,"column":5}},"type":"if","locations":[{"start":{"line":86,"column":4},"end":{"line":88,"column":5}},{"start":{"line":86,"column":4},"end":{"line":88,"column":5}}],"line":86},"6":{"loc":{"start":{"line":119,"column":6},"end":{"line":125,"column":7}},"type":"if","locations":[{"start":{"line":119,"column":6},"end":{"line":125,"column":7}},{"start":{"line":119,"column":6},"end":{"line":125,"column":7}}],"line":119},"7":{"loc":{"start":{"line":141,"column":2},"end":{"line":143,"column":3}},"type":"if","locations":[{"start":{"line":141,"column":2},"end":{"line":143,"column":3}},{"start":{"line":141,"column":2},"end":{"line":143,"column":3}}],"line":141},"8":{"loc":{"start":{"line":158,"column":4},"end":{"line":160,"column":5}},"type":"if","locations":[{"start":{"line":158,"column":4},"end":{"line":160,"column":5}},{"start":{"line":158,"column":4},"end":{"line":160,"column":5}}],"line":158},"9":{"loc":{"start":{"line":168,"column":2},"end":{"line":172,"column":3}},"type":"if","locations":[{"start":{"line":168,"column":2},"end":{"line":172,"column":3}},{"start":{"line":168,"column":2},"end":{"line":172,"column":3}}],"line":168},"10":{"loc":{"start":{"line":184,"column":2},"end":{"line":189,"column":3}},"type":"if","locations":[{"start":{"line":184,"column":2},"end":{"line":189,"column":3}},{"start":{"line":184,"column":2},"end":{"line":189,"column":3}}],"line":184},"11":{"loc":{"start":{"line":184,"column":6},"end":{"line":184,"column":37}},"type":"binary-expr","locations":[{"start":{"line":184,"column":6},"end":{"line":184,"column":17}},{"start":{"line":184,"column":21},"end":{"line":184,"column":37}}],"line":184},"12":{"loc":{"start":{"line":185,"column":4},"end":{"line":187,"column":5}},"type":"if","locations":[{"start":{"line":185,"column":4},"end":{"line":187,"column":5}},{"start":{"line":185,"column":4},"end":{"line":187,"column":5}}],"line":185},"13":{"loc":{"start":{"line":191,"column":2},"end":{"line":203,"column":3}},"type":"if","locations":[{"start":{"line":191,"column":2},"end":{"line":203,"column":3}},{"start":{"line":191,"column":2},"end":{"line":203,"column":3}}],"line":191},"14":{"loc":{"start":{"line":198,"column":6},"end":{"line":200,"column":7}},"type":"if","locations":[{"start":{"line":198,"column":6},"end":{"line":200,"column":7}},{"start":{"line":198,"column":6},"end":{"line":200,"column":7}}],"line":198},"15":{"loc":{"start":{"line":210,"column":4},"end":{"line":212,"column":5}},"type":"if","locations":[{"start":{"line":210,"column":4},"end":{"line":212,"column":5}},{"start":{"line":210,"column":4},"end":{"line":212,"column":5}}],"line":210},"16":{"loc":{"start":{"line":218,"column":2},"end":{"line":222,"column":3}},"type":"if","locations":[{"start":{"line":218,"column":2},"end":{"line":222,"column":3}},{"start":{"line":218,"column":2},"end":{"line":222,"column":3}}],"line":218},"17":{"loc":{"start":{"line":218,"column":6},"end":{"line":218,"column":30}},"type":"binary-expr","locations":[{"start":{"line":218,"column":6},"end":{"line":218,"column":16}},{"start":{"line":218,"column":20},"end":{"line":218,"column":30}}],"line":218},"18":{"loc":{"start":{"line":232,"column":2},"end":{"line":236,"column":3}},"type":"if","locations":[{"start":{"line":232,"column":2},"end":{"line":236,"column":3}},{"start":{"line":232,"column":2},"end":{"line":236,"column":3}}],"line":232},"19":{"loc":{"start":{"line":255,"column":0},"end":{"line":271,"column":1}},"type":"if","locations":[{"start":{"line":255,"column":0},"end":{"line":271,"column":1}},{"start":{"line":255,"column":0},"end":{"line":271,"column":1}}],"line":255}},"s":{"0":1,"1":3,"2":3,"3":18,"4":18,"5":18,"6":126,"7":18,"8":2,"9":1,"10":3,"11":3,"12":13,"13":13,"14":13,"15":78,"16":13,"17":2,"18":1,"19":4,"20":4,"21":28,"22":28,"23":28,"24":28,"25":28,"26":108,"27":108,"28":108,"29":28,"30":0,"31":4,"32":4,"33":12,"34":12,"35":12,"36":12,"37":12,"38":40,"39":40,"40":40,"41":12,"42":2,"43":2,"44":3,"45":3,"46":21,"47":21,"48":21,"49":21,"50":21,"51":81,"52":81,"53":81,"54":21,"55":0,"56":3,"57":3,"58":7,"59":7,"60":7,"61":7,"62":7,"63":25,"64":25,"65":25,"66":7,"67":2,"68":1,"69":0,"70":0,"71":0,"72":0,"73":0,"74":0,"75":0,"76":0,"77":0,"78":0,"79":0,"80":0,"81":0,"82":0,"83":0,"84":0,"85":0,"86":0,"87":0,"88":0,"89":0,"90":0,"91":0,"92":0,"93":0,"94":0,"95":0,"96":0,"97":0,"98":0,"99":0,"100":0,"101":0,"102":0,"103":0,"104":0,"105":0,"106":0,"107":0,"108":0,"109":0,"110":0,"111":0,"112":0,"113":0,"114":0,"115":0,"116":0,"117":0,"118":0,"119":0,"120":0,"121":0,"122":0,"123":0,"124":0,"125":0,"126":0,"127":0,"128":0,"129":0,"130":0,"131":0,"132":0,"133":0,"134":0,"135":0,"136":0,"137":0,"138":0,"139":0,"140":0,"141":0,"142":0,"143":0,"144":0,"145":0,"146":0,"147":0,"148":0,"149":0,"150":0,"151":0,"152":0,"153":0,"154":0,"155":0,"156":0,"157":0,"158":0,"159":0,"160":0,"161":0,"162":0,"163":0,"164":0,"165":0,"166":0,"167":0,"168":0,"169":0,"170":0,"171":0,"172":0,"173":1,"174":1,"175":1,"176":1,"177":1,"178":1,"179":1},"f":{"0":3,"1":3,"2":4,"3":3,"4":0,"5":0,"6":0,"7":0,"8":0,"9":0,"10":0,"11":0,"12":0,"13":0,"14":0,"15":0,"16":0},"b":{"0":[2,16],"1":[2,11],"2":[0,28],"3":[2,10],"4":[0,21],"5":[2,5],"6":[0,0],"7":[0,0],"8":[0,0],"9":[0,0],"10":[0,0],"11":[0,0],"12":[0,0],"13":[0,0],"14":[0,0],"15":[0,0],"16":[0,0],"17":[0,0],"18":[0,0],"19":[1,0]},"_coverageSchema":"1a1c01bbd47fc00a2c39e90264f33305004495a9","hash":"f2e84faf24bf54c4ee14b3ff28cc88967bb7a1ca"}
,"/mnt/c/InfinityWorks/Academy/Connect4-Test/server/main.js": {"path":"/mnt/c/InfinityWorks/Academy/Connect4-Test/server/main.js","statementMap":{"0":{"start":{"line":2,"column":11},"end":{"line":2,"column":33}},"1":{"start":{"line":6,"column":2},"end":{"line":10,"column":3}},"2":{"start":{"line":6,"column":17},"end":{"line":6,"column":38}},"3":{"start":{"line":7,"column":4},"end":{"line":9,"column":5}},"4":{"start":{"line":8,"column":6},"end":{"line":8,"column":17}},"5":{"start":{"line":12,"column":2},"end":{"line":12,"column":14}},"6":{"start":{"line":17,"column":18},"end":{"line":17,"column":45}},"7":{"start":{"line":18,"column":18},"end":{"line":18,"column":45}},"8":{"start":{"line":21,"column":15},"end":{"line":21,"column":37}},"9":{"start":{"line":22,"column":15},"end":{"line":22,"column":37}},"10":{"start":{"line":25,"column":2},"end":{"line":27,"column":3}},"11":{"start":{"line":26,"column":4},"end":{"line":26,"column":25}},"12":{"start":{"line":30,"column":2},"end":{"line":35,"column":3}},"13":{"start":{"line":31,"column":4},"end":{"line":33,"column":5}},"14":{"start":{"line":32,"column":6},"end":{"line":32,"column":39}},"15":{"start":{"line":34,"column":4},"end":{"line":34,"column":75}},"16":{"start":{"line":38,"column":2},"end":{"line":38,"column":23}},"17":{"start":{"line":43,"column":24},"end":{"line":43,"column":26}},"18":{"start":{"line":46,"column":2},"end":{"line":59,"column":3}},"19":{"start":{"line":46,"column":15},"end":{"line":46,"column":16}},"20":{"start":{"line":48,"column":27},"end":{"line":49,"column":53}},"21":{"start":{"line":51,"column":4},"end":{"line":58,"column":5}},"22":{"start":{"line":52,"column":6},"end":{"line":54,"column":9}},"23":{"start":{"line":53,"column":8},"end":{"line":53,"column":36}},"24":{"start":{"line":55,"column":6},"end":{"line":57,"column":7}},"25":{"start":{"line":56,"column":8},"end":{"line":56,"column":35}},"26":{"start":{"line":60,"column":2},"end":{"line":60,"column":23}},"27":{"start":{"line":64,"column":2},"end":{"line":66,"column":3}},"28":{"start":{"line":65,"column":4},"end":{"line":65,"column":46}},"29":{"start":{"line":67,"column":2},"end":{"line":67,"column":44}},"30":{"start":{"line":71,"column":2},"end":{"line":71,"column":50}},"31":{"start":{"line":76,"column":21},"end":{"line":76,"column":23}},"32":{"start":{"line":77,"column":2},"end":{"line":83,"column":3}},"33":{"start":{"line":77,"column":15},"end":{"line":77,"column":16}},"34":{"start":{"line":79,"column":4},"end":{"line":79,"column":24}},"35":{"start":{"line":80,"column":4},"end":{"line":82,"column":5}},"36":{"start":{"line":80,"column":17},"end":{"line":80,"column":18}},"37":{"start":{"line":81,"column":6},"end":{"line":81,"column":31}},"38":{"start":{"line":84,"column":2},"end":{"line":84,"column":20}},"39":{"start":{"line":88,"column":14},"end":{"line":88,"column":19}},"40":{"start":{"line":89,"column":2},"end":{"line":91,"column":3}},"41":{"start":{"line":90,"column":4},"end":{"line":90,"column":17}},"42":{"start":{"line":92,"column":2},"end":{"line":94,"column":3}},"43":{"start":{"line":93,"column":4},"end":{"line":93,"column":17}},"44":{"start":{"line":95,"column":2},"end":{"line":95,"column":15}},"45":{"start":{"line":99,"column":19},"end":{"line":99,"column":86}},"46":{"start":{"line":100,"column":16},"end":{"line":100,"column":69}},"47":{"start":{"line":101,"column":16},"end":{"line":101,"column":69}},"48":{"start":{"line":102,"column":2},"end":{"line":102,"column":23}},"49":{"start":{"line":106,"column":17},"end":{"line":106,"column":33}},"50":{"start":{"line":107,"column":17},"end":{"line":107,"column":54}},"51":{"start":{"line":108,"column":2},"end":{"line":108,"column":35}},"52":{"start":{"line":112,"column":17},"end":{"line":112,"column":31}},"53":{"start":{"line":113,"column":16},"end":{"line":113,"column":51}},"54":{"start":{"line":114,"column":2},"end":{"line":114,"column":34}},"55":{"start":{"line":118,"column":2},"end":{"line":123,"column":3}},"56":{"start":{"line":119,"column":4},"end":{"line":119,"column":37}},"57":{"start":{"line":120,"column":4},"end":{"line":120,"column":90}},"58":{"start":{"line":122,"column":4},"end":{"line":122,"column":21}},"59":{"start":{"line":127,"column":2},"end":{"line":147,"column":3}},"60":{"start":{"line":128,"column":18},"end":{"line":142,"column":5}},"61":{"start":{"line":143,"column":4},"end":{"line":143,"column":36}},"62":{"start":{"line":144,"column":4},"end":{"line":144,"column":82}},"63":{"start":{"line":146,"column":4},"end":{"line":146,"column":21}},"64":{"start":{"line":151,"column":16},"end":{"line":151,"column":89}},"65":{"start":{"line":152,"column":2},"end":{"line":152,"column":15}},"66":{"start":{"line":156,"column":15},"end":{"line":156,"column":88}},"67":{"start":{"line":157,"column":2},"end":{"line":157,"column":14}},"68":{"start":{"line":161,"column":2},"end":{"line":161,"column":83}},"69":{"start":{"line":165,"column":2},"end":{"line":170,"column":3}},"70":{"start":{"line":166,"column":4},"end":{"line":166,"column":36}},"71":{"start":{"line":167,"column":4},"end":{"line":167,"column":91}},"72":{"start":{"line":169,"column":4},"end":{"line":169,"column":21}},"73":{"start":{"line":174,"column":2},"end":{"line":185,"column":3}},"74":{"start":{"line":175,"column":4},"end":{"line":175,"column":38}},"75":{"start":{"line":176,"column":21},"end":{"line":180,"column":5}},"76":{"start":{"line":181,"column":4},"end":{"line":181,"column":85}},"77":{"start":{"line":182,"column":4},"end":{"line":182,"column":20}},"78":{"start":{"line":184,"column":4},"end":{"line":184,"column":15}},"79":{"start":{"line":188,"column":0},"end":{"line":208,"column":1}},"80":{"start":{"line":189,"column":2},"end":{"line":207,"column":4}}},"fnMap":{"0":{"name":"columnEmptySpace","decl":{"start":{"line":4,"column":9},"end":{"line":4,"column":25}},"loc":{"start":{"line":4,"column":46},"end":{"line":13,"column":1}},"line":4},"1":{"name":"checkAdjacent","decl":{"start":{"line":15,"column":9},"end":{"line":15,"column":22}},"loc":{"start":{"line":15,"column":67},"end":{"line":39,"column":1}},"line":15},"2":{"name":"checkWinner","decl":{"start":{"line":41,"column":9},"end":{"line":41,"column":20}},"loc":{"start":{"line":41,"column":53},"end":{"line":61,"column":1}},"line":41},"3":{"name":"(anonymous_3)","decl":{"start":{"line":52,"column":29},"end":{"line":52,"column":30}},"loc":{"start":{"line":52,"column":42},"end":{"line":54,"column":7}},"line":52},"4":{"name":"updateScore","decl":{"start":{"line":63,"column":9},"end":{"line":63,"column":20}},"loc":{"start":{"line":63,"column":41},"end":{"line":68,"column":1}},"line":63},"5":{"name":"switchPlayer","decl":{"start":{"line":70,"column":9},"end":{"line":70,"column":21}},"loc":{"start":{"line":70,"column":30},"end":{"line":72,"column":1}},"line":70},"6":{"name":"createEmptyBoardState","decl":{"start":{"line":74,"column":9},"end":{"line":74,"column":30}},"loc":{"start":{"line":74,"column":46},"end":{"line":85,"column":1}},"line":74},"7":{"name":"validateUser","decl":{"start":{"line":87,"column":9},"end":{"line":87,"column":21}},"loc":{"start":{"line":87,"column":45},"end":{"line":96,"column":1}},"line":87},"8":{"name":"randomName","decl":{"start":{"line":98,"column":15},"end":{"line":98,"column":25}},"loc":{"start":{"line":98,"column":28},"end":{"line":103,"column":1}},"line":98},"9":{"name":"searchStates","decl":{"start":{"line":105,"column":15},"end":{"line":105,"column":27}},"loc":{"start":{"line":105,"column":36},"end":{"line":109,"column":1}},"line":105},"10":{"name":"searchUsers","decl":{"start":{"line":111,"column":15},"end":{"line":111,"column":26}},"loc":{"start":{"line":111,"column":33},"end":{"line":115,"column":1}},"line":111},"11":{"name":"saveState","decl":{"start":{"line":117,"column":15},"end":{"line":117,"column":24}},"loc":{"start":{"line":117,"column":48},"end":{"line":124,"column":1}},"line":117},"12":{"name":"newState","decl":{"start":{"line":126,"column":15},"end":{"line":126,"column":23}},"loc":{"start":{"line":126,"column":32},"end":{"line":148,"column":1}},"line":126},"13":{"name":"loadState","decl":{"start":{"line":150,"column":15},"end":{"line":150,"column":24}},"loc":{"start":{"line":150,"column":33},"end":{"line":153,"column":1}},"line":150},"14":{"name":"loadUser","decl":{"start":{"line":155,"column":15},"end":{"line":155,"column":23}},"loc":{"start":{"line":155,"column":34},"end":{"line":158,"column":1}},"line":155},"15":{"name":"saveUser","decl":{"start":{"line":160,"column":15},"end":{"line":160,"column":23}},"loc":{"start":{"line":160,"column":44},"end":{"line":162,"column":1}},"line":160},"16":{"name":"resetSaveState","decl":{"start":{"line":164,"column":15},"end":{"line":164,"column":29}},"loc":{"start":{"line":164,"column":54},"end":{"line":171,"column":1}},"line":164},"17":{"name":"createUser","decl":{"start":{"line":173,"column":15},"end":{"line":173,"column":25}},"loc":{"start":{"line":173,"column":46},"end":{"line":186,"column":1}},"line":173}},"branchMap":{"0":{"loc":{"start":{"line":7,"column":4},"end":{"line":9,"column":5}},"type":"if","locations":[{"start":{"line":7,"column":4},"end":{"line":9,"column":5}},{"start":{"line":7,"column":4},"end":{"line":9,"column":5}}],"line":7},"1":{"loc":{"start":{"line":25,"column":2},"end":{"line":27,"column":3}},"type":"if","locations":[{"start":{"line":25,"column":2},"end":{"line":27,"column":3}},{"start":{"line":25,"column":2},"end":{"line":27,"column":3}}],"line":25},"2":{"loc":{"start":{"line":25,"column":6},"end":{"line":25,"column":87}},"type":"binary-expr","locations":[{"start":{"line":25,"column":6},"end":{"line":25,"column":31}},{"start":{"line":25,"column":35},"end":{"line":25,"column":43}},{"start":{"line":25,"column":47},"end":{"line":25,"column":75}},{"start":{"line":25,"column":79},"end":{"line":25,"column":87}}],"line":25},"3":{"loc":{"start":{"line":30,"column":2},"end":{"line":35,"column":3}},"type":"if","locations":[{"start":{"line":30,"column":2},"end":{"line":35,"column":3}},{"start":{"line":30,"column":2},"end":{"line":35,"column":3}}],"line":30},"4":{"loc":{"start":{"line":30,"column":6},"end":{"line":30,"column":84}},"type":"binary-expr","locations":[{"start":{"line":30,"column":6},"end":{"line":30,"column":49}},{"start":{"line":30,"column":53},"end":{"line":30,"column":84}}],"line":30},"5":{"loc":{"start":{"line":31,"column":4},"end":{"line":33,"column":5}},"type":"if","locations":[{"start":{"line":31,"column":4},"end":{"line":33,"column":5}},{"start":{"line":31,"column":4},"end":{"line":33,"column":5}}],"line":31},"6":{"loc":{"start":{"line":51,"column":4},"end":{"line":58,"column":5}},"type":"if","locations":[{"start":{"line":51,"column":4},"end":{"line":58,"column":5}},{"start":{"line":51,"column":4},"end":{"line":58,"column":5}}],"line":51},"7":{"loc":{"start":{"line":55,"column":6},"end":{"line":57,"column":7}},"type":"if","locations":[{"start":{"line":55,"column":6},"end":{"line":57,"column":7}},{"start":{"line":55,"column":6},"end":{"line":57,"column":7}}],"line":55},"8":{"loc":{"start":{"line":64,"column":2},"end":{"line":66,"column":3}},"type":"if","locations":[{"start":{"line":64,"column":2},"end":{"line":66,"column":3}},{"start":{"line":64,"column":2},"end":{"line":66,"column":3}}],"line":64},"9":{"loc":{"start":{"line":71,"column":10},"end":{"line":71,"column":48}},"type":"cond-expr","locations":[{"start":{"line":71,"column":32},"end":{"line":71,"column":37}},{"start":{"line":71,"column":40},"end":{"line":71,"column":48}}],"line":71},"10":{"loc":{"start":{"line":89,"column":2},"end":{"line":91,"column":3}},"type":"if","locations":[{"start":{"line":89,"column":2},"end":{"line":91,"column":3}},{"start":{"line":89,"column":2},"end":{"line":91,"column":3}}],"line":89},"11":{"loc":{"start":{"line":89,"column":6},"end":{"line":89,"column":54}},"type":"binary-expr","locations":[{"start":{"line":89,"column":6},"end":{"line":89,"column":31}},{"start":{"line":89,"column":35},"end":{"line":89,"column":54}}],"line":89},"12":{"loc":{"start":{"line":92,"column":2},"end":{"line":94,"column":3}},"type":"if","locations":[{"start":{"line":92,"column":2},"end":{"line":94,"column":3}},{"start":{"line":92,"column":2},"end":{"line":94,"column":3}}],"line":92},"13":{"loc":{"start":{"line":92,"column":6},"end":{"line":92,"column":51}},"type":"binary-expr","locations":[{"start":{"line":92,"column":6},"end":{"line":92,"column":31}},{"start":{"line":92,"column":35},"end":{"line":92,"column":51}}],"line":92},"14":{"loc":{"start":{"line":188,"column":0},"end":{"line":208,"column":1}},"type":"if","locations":[{"start":{"line":188,"column":0},"end":{"line":208,"column":1}},{"start":{"line":188,"column":0},"end":{"line":208,"column":1}}],"line":188}},"s":{"0":2,"1":3,"2":3,"3":9,"4":2,"5":1,"6":60,"7":60,"8":60,"9":60,"10":60,"11":13,"12":47,"13":20,"14":20,"15":20,"16":27,"17":5,"18":5,"19":5,"20":20,"21":20,"22":4,"23":12,"24":4,"25":4,"26":5,"27":2,"28":1,"29":1,"30":2,"31":3,"32":3,"33":3,"34":7,"35":7,"36":7,"37":42,"38":3,"39":4,"40":4,"41":1,"42":4,"43":1,"44":4,"45":1,"46":1,"47":1,"48":1,"49":2,"50":2,"51":2,"52":2,"53":2,"54":2,"55":1,"56":1,"57":1,"58":0,"59":1,"60":1,"61":1,"62":1,"63":0,"64":4,"65":4,"66":3,"67":3,"68":1,"69":1,"70":1,"71":1,"72":0,"73":1,"74":1,"75":1,"76":1,"77":1,"78":0,"79":2,"80":2},"f":{"0":3,"1":60,"2":5,"3":12,"4":2,"5":2,"6":3,"7":4,"8":1,"9":2,"10":2,"11":1,"12":1,"13":4,"14":3,"15":1,"16":1,"17":1},"b":{"0":[2,7],"1":[13,47],"2":[60,49,49,49],"3":[20,27],"4":[47,20],"5":[20,0],"6":[4,16],"7":[4,0],"8":[1,1],"9":[1,1],"10":[1,3],"11":[4,2],"12":[1,3],"13":[4,1],"14":[2,0]},"_coverageSchema":"1a1c01bbd47fc00a2c39e90264f33305004495a9","hash":"ff56a3fa8752dbe62270cd87307cacffd954eb0f"}
}
