TN:
SF:server/AI.js
FN:7,checkRows
FN:20,checkCols
FN:33,checkLeadingDiag
FN:63,checkAntiDiag
FN:93,checkStateForString
FN:102,winningStrings
FN:112,ofByOneStrings
FN:133,checkStateForWinner
FN:139,staticEvaluation
FN:145,(anonymous_9)
FN:148,(anonymous_10)
FN:154,findMoves
FN:165,generateChildren
FN:182,minimax
FN:217,minimaxNextMove
FN:233,(anonymous_15)
FN:235,(anonymous_16)
FNF:17
FNH:4
FNDA:3,checkRows
FNDA:3,checkCols
FNDA:4,checkLeadingDiag
FNDA:3,checkAntiDiag
FNDA:0,checkStateForString
FNDA:0,winningStrings
FNDA:0,ofByOneStrings
FNDA:0,checkStateForWinner
FNDA:0,staticEvaluation
FNDA:0,(anonymous_9)
FNDA:0,(anonymous_10)
FNDA:0,findMoves
FNDA:0,generateChildren
FNDA:0,minimax
FNDA:0,minimaxNextMove
FNDA:0,(anonymous_15)
FNDA:0,(anonymous_16)
DA:5,1
DA:8,3
DA:9,18
DA:10,18
DA:11,126
DA:13,18
DA:14,2
DA:17,1
DA:21,3
DA:22,13
DA:23,13
DA:24,78
DA:26,13
DA:27,2
DA:30,1
DA:34,4
DA:35,28
DA:36,28
DA:37,28
DA:38,28
DA:39,108
DA:40,108
DA:41,108
DA:43,28
DA:44,0
DA:47,4
DA:48,12
DA:49,12
DA:50,12
DA:51,12
DA:52,40
DA:53,40
DA:54,40
DA:56,12
DA:57,2
DA:60,2
DA:64,3
DA:65,21
DA:66,21
DA:67,21
DA:68,21
DA:69,81
DA:70,81
DA:71,81
DA:73,21
DA:74,0
DA:77,3
DA:78,7
DA:79,7
DA:80,7
DA:81,7
DA:82,25
DA:83,25
DA:84,25
DA:86,7
DA:87,2
DA:90,1
DA:94,0
DA:95,0
DA:96,0
DA:97,0
DA:98,0
DA:99,0
DA:103,0
DA:104,0
DA:105,0
DA:106,0
DA:107,0
DA:109,0
DA:113,0
DA:114,0
DA:115,0
DA:116,0
DA:117,0
DA:118,0
DA:119,0
DA:120,0
DA:121,0
DA:123,0
DA:124,0
DA:127,0
DA:128,0
DA:130,0
DA:134,0
DA:135,0
DA:140,0
DA:141,0
DA:142,0
DA:144,0
DA:145,0
DA:146,0
DA:148,0
DA:149,0
DA:151,0
DA:155,0
DA:156,0
DA:157,0
DA:158,0
DA:159,0
DA:162,0
DA:166,0
DA:167,0
DA:168,0
DA:169,0
DA:171,0
DA:173,0
DA:174,0
DA:175,0
DA:176,0
DA:177,0
DA:179,0
DA:183,0
DA:184,0
DA:185,0
DA:186,0
DA:188,0
DA:191,0
DA:192,0
DA:193,0
DA:194,0
DA:195,0
DA:196,0
DA:197,0
DA:198,0
DA:199,0
DA:202,0
DA:204,0
DA:205,0
DA:206,0
DA:207,0
DA:208,0
DA:209,0
DA:210,0
DA:211,0
DA:214,0
DA:218,0
DA:219,0
DA:220,0
DA:221,0
DA:223,0
DA:224,0
DA:225,0
DA:226,0
DA:227,0
DA:228,0
DA:229,0
DA:231,0
DA:232,0
DA:233,0
DA:235,0
DA:237,0
DA:240,1
DA:247,1
DA:249,1
DA:251,1
DA:253,1
DA:255,1
DA:256,1
LF:158
LH:62
BRDA:13,0,0,2
BRDA:13,0,1,16
BRDA:26,1,0,2
BRDA:26,1,1,11
BRDA:43,2,0,0
BRDA:43,2,1,28
BRDA:56,3,0,2
BRDA:56,3,1,10
BRDA:73,4,0,0
BRDA:73,4,1,21
BRDA:86,5,0,2
BRDA:86,5,1,5
BRDA:119,6,0,0
BRDA:119,6,1,0
BRDA:141,7,0,0
BRDA:141,7,1,0
BRDA:158,8,0,0
BRDA:158,8,1,0
BRDA:168,9,0,0
BRDA:168,9,1,0
BRDA:184,10,0,0
BRDA:184,10,1,0
BRDA:184,11,0,0
BRDA:184,11,1,0
BRDA:185,12,0,0
BRDA:185,12,1,0
BRDA:191,13,0,0
BRDA:191,13,1,0
BRDA:198,14,0,0
BRDA:198,14,1,0
BRDA:210,15,0,0
BRDA:210,15,1,0
BRDA:218,16,0,0
BRDA:218,16,1,0
BRDA:218,17,0,0
BRDA:218,17,1,0
BRDA:232,18,0,0
BRDA:232,18,1,0
BRDA:255,19,0,1
BRDA:255,19,1,0
BRF:40
BRH:11
end_of_record
TN:
SF:server/main.js
FN:4,columnEmptySpace
FN:15,checkAdjacent
FN:41,checkWinner
FN:52,(anonymous_3)
FN:63,updateScore
FN:70,switchPlayer
FN:74,createEmptyBoardState
FN:87,validateUser
FN:98,randomName
FN:105,searchStates
FN:111,searchUsers
FN:117,saveState
FN:126,newState
FN:150,loadState
FN:155,loadUser
FN:160,saveUser
FN:164,resetSaveState
FN:173,createUser
FNF:18
FNH:18
FNDA:3,columnEmptySpace
FNDA:60,checkAdjacent
FNDA:5,checkWinner
FNDA:12,(anonymous_3)
FNDA:2,updateScore
FNDA:2,switchPlayer
FNDA:3,createEmptyBoardState
FNDA:4,validateUser
FNDA:1,randomName
FNDA:2,searchStates
FNDA:2,searchUsers
FNDA:1,saveState
FNDA:1,newState
FNDA:4,loadState
FNDA:3,loadUser
FNDA:1,saveUser
FNDA:1,resetSaveState
FNDA:1,createUser
DA:2,2
DA:6,3
DA:7,9
DA:8,2
DA:12,1
DA:17,60
DA:18,60
DA:21,60
DA:22,60
DA:25,60
DA:26,13
DA:30,47
DA:31,20
DA:32,20
DA:34,20
DA:38,27
DA:43,5
DA:46,5
DA:48,20
DA:51,20
DA:52,4
DA:53,12
DA:55,4
DA:56,4
DA:60,5
DA:64,2
DA:65,1
DA:67,1
DA:71,2
DA:76,3
DA:77,3
DA:79,7
DA:80,7
DA:81,42
DA:84,3
DA:88,4
DA:89,4
DA:90,1
DA:92,4
DA:93,1
DA:95,4
DA:99,1
DA:100,1
DA:101,1
DA:102,1
DA:106,2
DA:107,2
DA:108,2
DA:112,2
DA:113,2
DA:114,2
DA:118,1
DA:119,1
DA:120,1
DA:122,0
DA:127,1
DA:128,1
DA:143,1
DA:144,1
DA:146,0
DA:151,4
DA:152,4
DA:156,3
DA:157,3
DA:161,1
DA:165,1
DA:166,1
DA:167,1
DA:169,0
DA:174,1
DA:175,1
DA:176,1
DA:181,1
DA:182,1
DA:184,0
DA:188,2
DA:189,2
LF:77
LH:73
BRDA:7,0,0,2
BRDA:7,0,1,7
BRDA:25,1,0,13
BRDA:25,1,1,47
BRDA:25,2,0,60
BRDA:25,2,1,49
BRDA:25,2,2,49
BRDA:25,2,3,49
BRDA:30,3,0,20
BRDA:30,3,1,27
BRDA:30,4,0,47
BRDA:30,4,1,20
BRDA:31,5,0,20
BRDA:31,5,1,0
BRDA:51,6,0,4
BRDA:51,6,1,16
BRDA:55,7,0,4
BRDA:55,7,1,0
BRDA:64,8,0,1
BRDA:64,8,1,1
BRDA:71,9,0,1
BRDA:71,9,1,1
BRDA:89,10,0,1
BRDA:89,10,1,3
BRDA:89,11,0,4
BRDA:89,11,1,2
BRDA:92,12,0,1
BRDA:92,12,1,3
BRDA:92,13,0,4
BRDA:92,13,1,1
BRDA:188,14,0,2
BRDA:188,14,1,0
BRF:32
BRH:29
end_of_record
