TN:
SF:server/main.js
FN:5,columnEmptySpace
FN:16,checkAdjacent
FN:42,checkWinner
FN:53,(anonymous_3)
FN:64,updateScore
FN:71,switchPlayer
FN:75,createEmptyBoardState
FN:88,randomName
FN:95,searchStates
FN:101,searchUsers
FN:107,saveState
FN:116,newState
FN:140,loadState
FN:145,loadUser
FN:150,resetSaveState
FN:159,createUser
FNF:16
FNH:12
FNDA:3,columnEmptySpace
FNDA:60,checkAdjacent
FNDA:5,checkWinner
FNDA:12,(anonymous_3)
FNDA:2,updateScore
FNDA:2,switchPlayer
FNDA:3,createEmptyBoardState
FNDA:1,randomName
FNDA:2,searchStates
FNDA:2,searchUsers
FNDA:1,saveState
FNDA:0,newState
FNDA:1,loadState
FNDA:0,loadUser
FNDA:0,resetSaveState
FNDA:0,createUser
DA:2,1
DA:3,1
DA:7,3
DA:8,9
DA:9,2
DA:13,1
DA:18,60
DA:19,60
DA:22,60
DA:23,60
DA:26,60
DA:27,13
DA:31,47
DA:32,20
DA:33,20
DA:35,20
DA:39,27
DA:44,5
DA:47,5
DA:49,20
DA:52,20
DA:53,4
DA:54,12
DA:56,4
DA:57,4
DA:61,5
DA:65,2
DA:66,1
DA:68,1
DA:72,2
DA:77,3
DA:78,3
DA:80,7
DA:81,7
DA:82,42
DA:85,3
DA:89,1
DA:90,1
DA:91,1
DA:92,1
DA:96,2
DA:97,2
DA:98,2
DA:102,2
DA:103,2
DA:104,2
DA:108,1
DA:109,1
DA:110,1
DA:112,1
DA:117,0
DA:118,0
DA:133,0
DA:134,0
DA:136,0
DA:141,1
DA:142,1
DA:146,0
DA:147,0
DA:151,0
DA:152,0
DA:153,0
DA:155,0
DA:160,0
DA:161,0
DA:162,0
DA:163,0
DA:169,0
DA:170,0
DA:172,0
DA:176,1
DA:177,1
LF:72
LH:54
BRDA:8,0,0,2
BRDA:8,0,1,7
BRDA:26,1,0,13
BRDA:26,1,1,47
BRDA:26,2,0,60
BRDA:26,2,1,49
BRDA:26,2,2,49
BRDA:26,2,3,49
BRDA:31,3,0,20
BRDA:31,3,1,27
BRDA:31,4,0,47
BRDA:31,4,1,20
BRDA:32,5,0,20
BRDA:32,5,1,0
BRDA:52,6,0,4
BRDA:52,6,1,16
BRDA:56,7,0,4
BRDA:56,7,1,0
BRDA:65,8,0,1
BRDA:65,8,1,1
BRDA:72,9,0,1
BRDA:72,9,1,1
BRDA:176,10,0,1
BRDA:176,10,1,0
BRF:24
BRH:21
end_of_record
